{"C:\\Users\\User\\Desktop\\backend-RadarFII\\src\\app.ts": {"path":"C:\\Users\\User\\Desktop\\backend-RadarFII\\src\\app.ts","statementMap":{"0":{"start":{"line":1,"column":0},"end":{"line":1,"column":24}},"1":{"start":{"line":2,"column":0},"end":{"line":2,"column":30}},"2":{"start":{"line":3,"column":0},"end":{"line":3,"column":28}},"3":{"start":{"line":4,"column":0},"end":{"line":4,"column":28}},"4":{"start":{"line":6,"column":0},"end":{"line":6,"column":43}},"5":{"start":{"line":7,"column":0},"end":{"line":7,"column":47}},"6":{"start":{"line":8,"column":0},"end":{"line":8,"column":47}},"7":{"start":{"line":9,"column":0},"end":{"line":9,"column":43}},"8":{"start":{"line":10,"column":0},"end":{"line":10,"column":53}},"9":{"start":{"line":11,"column":0},"end":{"line":11,"column":45}},"10":{"start":{"line":13,"column":12},"end":{"line":13,"column":21}},"11":{"start":{"line":27,"column":9},"end":{"line":27,"column":12}},"12":{"start":{"line":15,"column":0},"end":{"line":15,"column":18}},"13":{"start":{"line":16,"column":0},"end":{"line":16,"column":16}},"14":{"start":{"line":17,"column":0},"end":{"line":17,"column":24}},"15":{"start":{"line":18,"column":0},"end":{"line":18,"column":23}},"16":{"start":{"line":20,"column":0},"end":{"line":20,"column":33}},"17":{"start":{"line":21,"column":0},"end":{"line":21,"column":29}},"18":{"start":{"line":22,"column":0},"end":{"line":22,"column":33}},"19":{"start":{"line":23,"column":0},"end":{"line":23,"column":29}},"20":{"start":{"line":24,"column":0},"end":{"line":24,"column":39}},"21":{"start":{"line":25,"column":0},"end":{"line":25,"column":31}}},"fnMap":{},"branchMap":{},"s":{"0":3,"1":3,"2":3,"3":3,"4":3,"5":3,"6":3,"7":3,"8":3,"9":3,"10":3,"11":3,"12":3,"13":3,"14":3,"15":3,"16":3,"17":3,"18":3,"19":3,"20":3,"21":3},"f":{},"b":{}}
,"C:\\Users\\User\\Desktop\\backend-RadarFII\\src\\adapters\\marketDataAdapter.ts": {"path":"C:\\Users\\User\\Desktop\\backend-RadarFII\\src\\adapters\\marketDataAdapter.ts","statementMap":{"0":{"start":{"line":28,"column":9},"end":{"line":28,"column":23}},"1":{"start":{"line":1,"column":0},"end":{"line":1,"column":26}},"2":{"start":{"line":3,"column":0},"end":{"line":3,"column":36}},"3":{"start":{"line":16,"column":2},"end":{"line":18,"column":3}},"4":{"start":{"line":17,"column":4},"end":{"line":17,"column":67}},"5":{"start":{"line":20,"column":19},"end":{"line":23,"column":4}},"6":{"start":{"line":25,"column":2},"end":{"line":25,"column":14}}},"fnMap":{"0":{"name":"fetchAssetData","decl":{"start":{"line":15,"column":15},"end":{"line":15,"column":29}},"loc":{"start":{"line":15,"column":44},"end":{"line":26,"column":1}}}},"branchMap":{"0":{"loc":{"start":{"line":16,"column":2},"end":{"line":18,"column":3}},"type":"if","locations":[{"start":{"line":16,"column":2},"end":{"line":18,"column":3}},{"start":{},"end":{}}]},"1":{"loc":{"start":{"line":21,"column":13},"end":{"line":21,"column":105}},"type":"cond-expr","locations":[{"start":{"line":21,"column":39},"end":{"line":21,"column":93}},{"start":{"line":21,"column":96},"end":{"line":21,"column":105}}]}},"s":{"0":2,"1":2,"2":2,"3":0,"4":0,"5":0,"6":0},"f":{"0":0},"b":{"0":[0,0],"1":[0,0]}}
,"C:\\Users\\User\\Desktop\\backend-RadarFII\\src\\adapters\\newsAdapter.ts": {"path":"C:\\Users\\User\\Desktop\\backend-RadarFII\\src\\adapters\\newsAdapter.ts","statementMap":{"0":{"start":{"line":30,"column":9},"end":{"line":30,"column":26}},"1":{"start":{"line":1,"column":0},"end":{"line":1,"column":26}},"2":{"start":{"line":3,"column":0},"end":{"line":3,"column":36}},"3":{"start":{"line":17,"column":2},"end":{"line":19,"column":3}},"4":{"start":{"line":18,"column":4},"end":{"line":18,"column":60}},"5":{"start":{"line":21,"column":19},"end":{"line":25,"column":4}},"6":{"start":{"line":27,"column":2},"end":{"line":27,"column":26}}},"fnMap":{"0":{"name":"fetchNewsByTicker","decl":{"start":{"line":16,"column":15},"end":{"line":16,"column":32}},"loc":{"start":{"line":16,"column":47},"end":{"line":28,"column":1}}}},"branchMap":{"0":{"loc":{"start":{"line":17,"column":2},"end":{"line":19,"column":3}},"type":"if","locations":[{"start":{"line":17,"column":2},"end":{"line":19,"column":3}},{"start":{},"end":{}}]},"1":{"loc":{"start":{"line":23,"column":13},"end":{"line":23,"column":91}},"type":"cond-expr","locations":[{"start":{"line":23,"column":32},"end":{"line":23,"column":79}},{"start":{"line":23,"column":82},"end":{"line":23,"column":91}}]},"2":{"loc":{"start":{"line":27,"column":9},"end":{"line":27,"column":25}},"type":"binary-expr","locations":[{"start":{"line":27,"column":9},"end":{"line":27,"column":19}},{"start":{"line":27,"column":23},"end":{"line":27,"column":25}}]}},"s":{"0":3,"1":3,"2":3,"3":0,"4":0,"5":0,"6":0},"f":{"0":0},"b":{"0":[0,0],"1":[0,0],"2":[0,0]}}
,"C:\\Users\\User\\Desktop\\backend-RadarFII\\src\\config\\env.ts": {"path":"C:\\Users\\User\\Desktop\\backend-RadarFII\\src\\config\\env.ts","statementMap":{"0":{"start":{"line":1,"column":0},"end":{"line":1,"column":28}},"1":{"start":{"line":3,"column":0},"end":{"line":3,"column":16}},"2":{"start":{"line":5,"column":12},"end":{"line":12,"column":2}},"3":{"start":{"line":14,"column":9},"end":{"line":14,"column":12}}},"fnMap":{},"branchMap":{"0":{"loc":{"start":{"line":6,"column":12},"end":{"line":6,"column":49}},"type":"binary-expr","locations":[{"start":{"line":6,"column":12},"end":{"line":6,"column":32}},{"start":{"line":6,"column":36},"end":{"line":6,"column":49}}]},"1":{"loc":{"start":{"line":7,"column":15},"end":{"line":7,"column":39}},"type":"binary-expr","locations":[{"start":{"line":7,"column":15},"end":{"line":7,"column":31}},{"start":{"line":7,"column":35},"end":{"line":7,"column":39}}]},"2":{"loc":{"start":{"line":8,"column":28},"end":{"line":8,"column":70}},"type":"binary-expr","locations":[{"start":{"line":8,"column":28},"end":{"line":8,"column":64}},{"start":{"line":8,"column":68},"end":{"line":8,"column":70}}]},"3":{"loc":{"start":{"line":9,"column":23},"end":{"line":9,"column":60}},"type":"binary-expr","locations":[{"start":{"line":9,"column":23},"end":{"line":9,"column":54}},{"start":{"line":9,"column":58},"end":{"line":9,"column":60}}]},"4":{"loc":{"start":{"line":10,"column":21},"end":{"line":10,"column":56}},"type":"binary-expr","locations":[{"start":{"line":10,"column":21},"end":{"line":10,"column":50}},{"start":{"line":10,"column":54},"end":{"line":10,"column":56}}]},"5":{"loc":{"start":{"line":11,"column":16},"end":{"line":11,"column":46}},"type":"binary-expr","locations":[{"start":{"line":11,"column":16},"end":{"line":11,"column":40}},{"start":{"line":11,"column":44},"end":{"line":11,"column":46}}]}},"s":{"0":3,"1":3,"2":3,"3":3},"f":{},"b":{"0":[3,0],"1":[3,3],"2":[3,3],"3":[3,3],"4":[3,3],"5":[3,3]}}
,"C:\\Users\\User\\Desktop\\backend-RadarFII\\src\\lib\\supabase.ts": {"path":"C:\\Users\\User\\Desktop\\backend-RadarFII\\src\\lib\\supabase.ts","statementMap":{"0":{"start":{"line":1,"column":0},"end":{"line":1,"column":53}},"1":{"start":{"line":4,"column":16},"end":{"line":4,"column":33}},"2":{"start":{"line":5,"column":2},"end":{"line":7,"column":3}},"3":{"start":{"line":6,"column":4},"end":{"line":6,"column":70}},"4":{"start":{"line":8,"column":2},"end":{"line":8,"column":15}},"5":{"start":{"line":11,"column":20},"end":{"line":11,"column":50}},"6":{"start":{"line":12,"column":24},"end":{"line":12,"column":59}},"7":{"start":{"line":14,"column":17},"end":{"line":14,"column":59}},"8":{"start":{"line":16,"column":9},"end":{"line":16,"column":17}}},"fnMap":{"0":{"name":"getRequiredEnv","decl":{"start":{"line":3,"column":9},"end":{"line":3,"column":23}},"loc":{"start":{"line":3,"column":36},"end":{"line":9,"column":1}}}},"branchMap":{"0":{"loc":{"start":{"line":5,"column":2},"end":{"line":7,"column":3}},"type":"if","locations":[{"start":{"line":5,"column":2},"end":{"line":7,"column":3}},{"start":{},"end":{}}]}},"s":{"0":1,"1":2,"2":2,"3":0,"4":2,"5":1,"6":1,"7":1,"8":1},"f":{"0":2},"b":{"0":[0,2]}}
,"C:\\Users\\User\\Desktop\\backend-RadarFII\\src\\middlewares\\auth.ts": {"path":"C:\\Users\\User\\Desktop\\backend-RadarFII\\src\\middlewares\\auth.ts","statementMap":{"0":{"start":{"line":38,"column":9},"end":{"line":38,"column":23}},"1":{"start":{"line":3,"column":0},"end":{"line":3,"column":43}},"2":{"start":{"line":6,"column":2},"end":{"line":8,"column":3}},"3":{"start":{"line":7,"column":4},"end":{"line":7,"column":16}},"4":{"start":{"line":10,"column":26},"end":{"line":10,"column":47}},"5":{"start":{"line":11,"column":2},"end":{"line":13,"column":3}},"6":{"start":{"line":12,"column":4},"end":{"line":12,"column":16}},"7":{"start":{"line":15,"column":2},"end":{"line":15,"column":15}},"8":{"start":{"line":19,"column":16},"end":{"line":19,"column":61}},"9":{"start":{"line":21,"column":2},"end":{"line":24,"column":3}},"10":{"start":{"line":22,"column":4},"end":{"line":22,"column":74}},"11":{"start":{"line":23,"column":4},"end":{"line":23,"column":11}},"12":{"start":{"line":26,"column":26},"end":{"line":26,"column":60}},"13":{"start":{"line":28,"column":2},"end":{"line":31,"column":3}},"14":{"start":{"line":29,"column":4},"end":{"line":29,"column":67}},"15":{"start":{"line":30,"column":4},"end":{"line":30,"column":11}},"16":{"start":{"line":33,"column":2},"end":{"line":33,"column":30}},"17":{"start":{"line":34,"column":2},"end":{"line":34,"column":27}},"18":{"start":{"line":35,"column":2},"end":{"line":35,"column":9}}},"fnMap":{"0":{"name":"extractBearerToken","decl":{"start":{"line":5,"column":9},"end":{"line":5,"column":27}},"loc":{"start":{"line":5,"column":47},"end":{"line":16,"column":1}}},"1":{"name":"authMiddleware","decl":{"start":{"line":18,"column":15},"end":{"line":18,"column":29}},"loc":{"start":{"line":18,"column":77},"end":{"line":36,"column":1}}}},"branchMap":{"0":{"loc":{"start":{"line":6,"column":2},"end":{"line":8,"column":3}},"type":"if","locations":[{"start":{"line":6,"column":2},"end":{"line":8,"column":3}},{"start":{},"end":{}}]},"1":{"loc":{"start":{"line":11,"column":2},"end":{"line":13,"column":3}},"type":"if","locations":[{"start":{"line":11,"column":2},"end":{"line":13,"column":3}},{"start":{},"end":{}}]},"2":{"loc":{"start":{"line":11,"column":6},"end":{"line":11,"column":50}},"type":"binary-expr","locations":[{"start":{"line":11,"column":6},"end":{"line":11,"column":40}},{"start":{"line":11,"column":44},"end":{"line":11,"column":50}}]},"3":{"loc":{"start":{"line":21,"column":2},"end":{"line":24,"column":3}},"type":"if","locations":[{"start":{"line":21,"column":2},"end":{"line":24,"column":3}},{"start":{},"end":{}}]},"4":{"loc":{"start":{"line":28,"column":2},"end":{"line":31,"column":3}},"type":"if","locations":[{"start":{"line":28,"column":2},"end":{"line":31,"column":3}},{"start":{},"end":{}}]},"5":{"loc":{"start":{"line":28,"column":6},"end":{"line":28,"column":25}},"type":"binary-expr","locations":[{"start":{"line":28,"column":6},"end":{"line":28,"column":11}},{"start":{"line":28,"column":15},"end":{"line":28,"column":25}}]}},"s":{"0":3,"1":3,"2":1,"3":0,"4":1,"5":1,"6":0,"7":1,"8":1,"9":1,"10":0,"11":0,"12":1,"13":1,"14":0,"15":0,"16":1,"17":1,"18":1},"f":{"0":1,"1":1},"b":{"0":[0,1],"1":[0,1],"2":[1,1],"3":[0,1],"4":[0,1],"5":[1,1]}}
,"C:\\Users\\User\\Desktop\\backend-RadarFII\\src\\routes\\assets.ts": {"path":"C:\\Users\\User\\Desktop\\backend-RadarFII\\src\\routes\\assets.ts","statementMap":{"0":{"start":{"line":1,"column":0},"end":{"line":1,"column":26}},"1":{"start":{"line":2,"column":0},"end":{"line":2,"column":33}},"2":{"start":{"line":3,"column":0},"end":{"line":3,"column":24}},"3":{"start":{"line":5,"column":0},"end":{"line":5,"column":63}},"4":{"start":{"line":6,"column":0},"end":{"line":6,"column":60}},"5":{"start":{"line":7,"column":0},"end":{"line":7,"column":64}},"6":{"start":{"line":9,"column":21},"end":{"line":9,"column":29}},"7":{"start":{"line":86,"column":9},"end":{"line":86,"column":21}},"8":{"start":{"line":11,"column":21},"end":{"line":13,"column":2}},"9":{"start":{"line":15,"column":0},"end":{"line":47,"column":3}},"10":{"start":{"line":16,"column":23},"end":{"line":16,"column":57}},"11":{"start":{"line":17,"column":2},"end":{"line":23,"column":3}},"12":{"start":{"line":18,"column":4},"end":{"line":21,"column":7}},"13":{"start":{"line":22,"column":4},"end":{"line":22,"column":11}},"14":{"start":{"line":25,"column":17},"end":{"line":25,"column":55}},"15":{"start":{"line":27,"column":2},"end":{"line":46,"column":3}},"16":{"start":{"line":28,"column":22},"end":{"line":28,"column":50}},"17":{"start":{"line":29,"column":19},"end":{"line":29,"column":42}},"18":{"start":{"line":31,"column":4},"end":{"line":33,"column":7}},"19":{"start":{"line":35,"column":4},"end":{"line":38,"column":5}},"20":{"start":{"line":36,"column":6},"end":{"line":36,"column":81}},"21":{"start":{"line":37,"column":6},"end":{"line":37,"column":13}},"22":{"start":{"line":40,"column":4},"end":{"line":43,"column":5}},"23":{"start":{"line":41,"column":6},"end":{"line":41,"column":80}},"24":{"start":{"line":42,"column":6},"end":{"line":42,"column":13}},"25":{"start":{"line":45,"column":4},"end":{"line":45,"column":92}},"26":{"start":{"line":49,"column":0},"end":{"line":84,"column":3}},"27":{"start":{"line":50,"column":23},"end":{"line":50,"column":57}},"28":{"start":{"line":51,"column":2},"end":{"line":57,"column":3}},"29":{"start":{"line":52,"column":4},"end":{"line":55,"column":7}},"30":{"start":{"line":56,"column":4},"end":{"line":56,"column":11}},"31":{"start":{"line":59,"column":17},"end":{"line":59,"column":55}},"32":{"start":{"line":61,"column":2},"end":{"line":83,"column":3}},"33":{"start":{"line":62,"column":18},"end":{"line":62,"column":49}},"34":{"start":{"line":63,"column":17},"end":{"line":68,"column":7}},"35":{"start":{"line":63,"column":38},"end":{"line":68,"column":6}},"36":{"start":{"line":70,"column":4},"end":{"line":70,"column":43}},"37":{"start":{"line":72,"column":4},"end":{"line":75,"column":5}},"38":{"start":{"line":73,"column":6},"end":{"line":73,"column":49}},"39":{"start":{"line":74,"column":6},"end":{"line":74,"column":13}},"40":{"start":{"line":77,"column":4},"end":{"line":80,"column":5}},"41":{"start":{"line":78,"column":6},"end":{"line":78,"column":73}},"42":{"start":{"line":79,"column":6},"end":{"line":79,"column":13}},"43":{"start":{"line":82,"column":4},"end":{"line":82,"column":86}}},"fnMap":{"0":{"name":"(anonymous_1)","decl":{"start":{"line":15,"column":37},"end":{"line":15,"column":42}},"loc":{"start":{"line":15,"column":56},"end":{"line":47,"column":1}}},"1":{"name":"(anonymous_2)","decl":{"start":{"line":49,"column":34},"end":{"line":49,"column":39}},"loc":{"start":{"line":49,"column":53},"end":{"line":84,"column":1}}},"2":{"name":"(anonymous_3)","decl":{"start":{"line":63,"column":27},"end":{"line":63,"column":28}},"loc":{"start":{"line":63,"column":38},"end":{"line":68,"column":6}}}},"branchMap":{"0":{"loc":{"start":{"line":17,"column":2},"end":{"line":23,"column":3}},"type":"if","locations":[{"start":{"line":17,"column":2},"end":{"line":23,"column":3}},{"start":{},"end":{}}]},"1":{"loc":{"start":{"line":35,"column":4},"end":{"line":38,"column":5}},"type":"if","locations":[{"start":{"line":35,"column":4},"end":{"line":38,"column":5}},{"start":{},"end":{}}]},"2":{"loc":{"start":{"line":35,"column":8},"end":{"line":35,"column":67}},"type":"binary-expr","locations":[{"start":{"line":35,"column":8},"end":{"line":35,"column":33}},{"start":{"line":35,"column":37},"end":{"line":35,"column":67}}]},"3":{"loc":{"start":{"line":40,"column":4},"end":{"line":43,"column":5}},"type":"if","locations":[{"start":{"line":40,"column":4},"end":{"line":43,"column":5}},{"start":{},"end":{}}]},"4":{"loc":{"start":{"line":40,"column":8},"end":{"line":40,"column":84}},"type":"binary-expr","locations":[{"start":{"line":40,"column":8},"end":{"line":40,"column":30}},{"start":{"line":40,"column":34},"end":{"line":40,"column":84}}]},"5":{"loc":{"start":{"line":51,"column":2},"end":{"line":57,"column":3}},"type":"if","locations":[{"start":{"line":51,"column":2},"end":{"line":57,"column":3}},{"start":{},"end":{}}]},"6":{"loc":{"start":{"line":65,"column":14},"end":{"line":65,"column":38}},"type":"binary-expr","locations":[{"start":{"line":65,"column":14},"end":{"line":65,"column":25}},{"start":{"line":65,"column":29},"end":{"line":65,"column":38}}]},"7":{"loc":{"start":{"line":66,"column":19},"end":{"line":66,"column":43}},"type":"binary-expr","locations":[{"start":{"line":66,"column":19},"end":{"line":66,"column":35}},{"start":{"line":66,"column":39},"end":{"line":66,"column":43}}]},"8":{"loc":{"start":{"line":72,"column":4},"end":{"line":75,"column":5}},"type":"if","locations":[{"start":{"line":72,"column":4},"end":{"line":75,"column":5}},{"start":{},"end":{}}]},"9":{"loc":{"start":{"line":72,"column":8},"end":{"line":72,"column":67}},"type":"binary-expr","locations":[{"start":{"line":72,"column":8},"end":{"line":72,"column":33}},{"start":{"line":72,"column":37},"end":{"line":72,"column":67}}]},"10":{"loc":{"start":{"line":77,"column":4},"end":{"line":80,"column":5}},"type":"if","locations":[{"start":{"line":77,"column":4},"end":{"line":80,"column":5}},{"start":{},"end":{}}]},"11":{"loc":{"start":{"line":77,"column":8},"end":{"line":77,"column":77}},"type":"binary-expr","locations":[{"start":{"line":77,"column":8},"end":{"line":77,"column":30}},{"start":{"line":77,"column":34},"end":{"line":77,"column":77}}]}},"s":{"0":3,"1":3,"2":3,"3":3,"4":3,"5":3,"6":3,"7":3,"8":3,"9":3,"10":2,"11":2,"12":1,"13":1,"14":1,"15":1,"16":1,"17":1,"18":1,"19":0,"20":0,"21":0,"22":0,"23":0,"24":0,"25":0,"26":3,"27":0,"28":0,"29":0,"30":0,"31":0,"32":0,"33":0,"34":0,"35":0,"36":0,"37":0,"38":0,"39":0,"40":0,"41":0,"42":0,"43":0},"f":{"0":2,"1":0,"2":0},"b":{"0":[1,1],"1":[0,0],"2":[0,0],"3":[0,0],"4":[0,0],"5":[0,0],"6":[0,0],"7":[0,0],"8":[0,0],"9":[0,0],"10":[0,0],"11":[0,0]}}
,"C:\\Users\\User\\Desktop\\backend-RadarFII\\src\\routes\\auth.ts": {"path":"C:\\Users\\User\\Desktop\\backend-RadarFII\\src\\routes\\auth.ts","statementMap":{"0":{"start":{"line":1,"column":0},"end":{"line":1,"column":33}},"1":{"start":{"line":2,"column":0},"end":{"line":2,"column":24}},"2":{"start":{"line":4,"column":0},"end":{"line":4,"column":53}},"3":{"start":{"line":5,"column":0},"end":{"line":5,"column":43}},"4":{"start":{"line":7,"column":19},"end":{"line":7,"column":27}},"5":{"start":{"line":88,"column":9},"end":{"line":88,"column":19}},"6":{"start":{"line":9,"column":23},"end":{"line":12,"column":2}},"7":{"start":{"line":14,"column":20},"end":{"line":17,"column":2}},"8":{"start":{"line":19,"column":0},"end":{"line":45,"column":3}},"9":{"start":{"line":20,"column":21},"end":{"line":20,"column":55}},"10":{"start":{"line":21,"column":2},"end":{"line":27,"column":3}},"11":{"start":{"line":22,"column":4},"end":{"line":25,"column":7}},"12":{"start":{"line":26,"column":4},"end":{"line":26,"column":11}},"13":{"start":{"line":29,"column":30},"end":{"line":29,"column":45}},"14":{"start":{"line":30,"column":26},"end":{"line":33,"column":4}},"15":{"start":{"line":35,"column":2},"end":{"line":38,"column":3}},"16":{"start":{"line":36,"column":4},"end":{"line":36,"column":53}},"17":{"start":{"line":37,"column":4},"end":{"line":37,"column":11}},"18":{"start":{"line":40,"column":2},"end":{"line":44,"column":5}},"19":{"start":{"line":47,"column":0},"end":{"line":74,"column":3}},"20":{"start":{"line":48,"column":21},"end":{"line":48,"column":52}},"21":{"start":{"line":49,"column":2},"end":{"line":55,"column":3}},"22":{"start":{"line":50,"column":4},"end":{"line":53,"column":7}},"23":{"start":{"line":54,"column":4},"end":{"line":54,"column":11}},"24":{"start":{"line":57,"column":30},"end":{"line":57,"column":45}},"25":{"start":{"line":58,"column":26},"end":{"line":61,"column":4}},"26":{"start":{"line":63,"column":2},"end":{"line":66,"column":3}},"27":{"start":{"line":64,"column":4},"end":{"line":64,"column":82}},"28":{"start":{"line":65,"column":4},"end":{"line":65,"column":11}},"29":{"start":{"line":68,"column":2},"end":{"line":73,"column":5}},"30":{"start":{"line":76,"column":0},"end":{"line":80,"column":3}},"31":{"start":{"line":79,"column":2},"end":{"line":79,"column":58}},"32":{"start":{"line":82,"column":0},"end":{"line":86,"column":3}},"33":{"start":{"line":83,"column":2},"end":{"line":85,"column":5}}},"fnMap":{"0":{"name":"(anonymous_0)","decl":{"start":{"line":19,"column":29},"end":{"line":19,"column":34}},"loc":{"start":{"line":19,"column":48},"end":{"line":45,"column":1}}},"1":{"name":"(anonymous_1)","decl":{"start":{"line":47,"column":26},"end":{"line":47,"column":31}},"loc":{"start":{"line":47,"column":45},"end":{"line":74,"column":1}}},"2":{"name":"(anonymous_2)","decl":{"start":{"line":76,"column":43},"end":{"line":76,"column":48}},"loc":{"start":{"line":76,"column":62},"end":{"line":80,"column":1}}},"3":{"name":"(anonymous_3)","decl":{"start":{"line":82,"column":38},"end":{"line":82,"column":43}},"loc":{"start":{"line":82,"column":58},"end":{"line":86,"column":1}}}},"branchMap":{"0":{"loc":{"start":{"line":21,"column":2},"end":{"line":27,"column":3}},"type":"if","locations":[{"start":{"line":21,"column":2},"end":{"line":27,"column":3}},{"start":{},"end":{}}]},"1":{"loc":{"start":{"line":35,"column":2},"end":{"line":38,"column":3}},"type":"if","locations":[{"start":{"line":35,"column":2},"end":{"line":38,"column":3}},{"start":{},"end":{}}]},"2":{"loc":{"start":{"line":49,"column":2},"end":{"line":55,"column":3}},"type":"if","locations":[{"start":{"line":49,"column":2},"end":{"line":55,"column":3}},{"start":{},"end":{}}]},"3":{"loc":{"start":{"line":63,"column":2},"end":{"line":66,"column":3}},"type":"if","locations":[{"start":{"line":63,"column":2},"end":{"line":66,"column":3}},{"start":{},"end":{}}]},"4":{"loc":{"start":{"line":63,"column":6},"end":{"line":63,"column":28}},"type":"binary-expr","locations":[{"start":{"line":63,"column":6},"end":{"line":63,"column":11}},{"start":{"line":63,"column":15},"end":{"line":63,"column":28}}]},"5":{"loc":{"start":{"line":64,"column":36},"end":{"line":64,"column":78}},"type":"binary-expr","locations":[{"start":{"line":64,"column":36},"end":{"line":64,"column":50}},{"start":{"line":64,"column":54},"end":{"line":64,"column":78}}]}},"s":{"0":3,"1":3,"2":3,"3":3,"4":3,"5":3,"6":3,"7":3,"8":3,"9":0,"10":0,"11":0,"12":0,"13":0,"14":0,"15":0,"16":0,"17":0,"18":0,"19":3,"20":2,"21":2,"22":1,"23":1,"24":1,"25":1,"26":1,"27":0,"28":0,"29":1,"30":3,"31":0,"32":3,"33":0},"f":{"0":0,"1":2,"2":0,"3":0},"b":{"0":[0,0],"1":[0,0],"2":[1,1],"3":[0,1],"4":[1,1],"5":[0,0]}}
,"C:\\Users\\User\\Desktop\\backend-RadarFII\\src\\routes\\health.ts": {"path":"C:\\Users\\User\\Desktop\\backend-RadarFII\\src\\routes\\health.ts","statementMap":{"0":{"start":{"line":1,"column":0},"end":{"line":1,"column":33}},"1":{"start":{"line":3,"column":21},"end":{"line":3,"column":29}},"2":{"start":{"line":13,"column":9},"end":{"line":13,"column":21}},"3":{"start":{"line":5,"column":0},"end":{"line":11,"column":3}},"4":{"start":{"line":6,"column":2},"end":{"line":10,"column":5}}},"fnMap":{"0":{"name":"(anonymous_0)","decl":{"start":{"line":5,"column":22},"end":{"line":5,"column":23}},"loc":{"start":{"line":5,"column":36},"end":{"line":11,"column":1}}}},"branchMap":{},"s":{"0":3,"1":3,"2":3,"3":3,"4":0},"f":{"0":0},"b":{}}
,"C:\\Users\\User\\Desktop\\backend-RadarFII\\src\\routes\\home.ts": {"path":"C:\\Users\\User\\Desktop\\backend-RadarFII\\src\\routes\\home.ts","statementMap":{"0":{"start":{"line":1,"column":0},"end":{"line":1,"column":33}},"1":{"start":{"line":3,"column":0},"end":{"line":3,"column":43}},"2":{"start":{"line":4,"column":0},"end":{"line":4,"column":53}},"3":{"start":{"line":12,"column":19},"end":{"line":12,"column":27}},"4":{"start":{"line":58,"column":9},"end":{"line":58,"column":19}},"5":{"start":{"line":15,"column":2},"end":{"line":15,"column":34}},"6":{"start":{"line":18,"column":0},"end":{"line":56,"column":3}},"7":{"start":{"line":19,"column":15},"end":{"line":19,"column":48}},"8":{"start":{"line":21,"column":26},"end":{"line":24,"column":27}},"9":{"start":{"line":26,"column":2},"end":{"line":29,"column":3}},"10":{"start":{"line":27,"column":4},"end":{"line":27,"column":75}},"11":{"start":{"line":28,"column":4},"end":{"line":28,"column":11}},"12":{"start":{"line":31,"column":18},"end":{"line":31,"column":28}},"13":{"start":{"line":32,"column":14},"end":{"line":32,"column":15}},"14":{"start":{"line":33,"column":15},"end":{"line":33,"column":16}},"15":{"start":{"line":34,"column":13},"end":{"line":34,"column":14}},"16":{"start":{"line":36,"column":2},"end":{"line":46,"column":3}},"17":{"start":{"line":37,"column":26},"end":{"line":37,"column":70}},"18":{"start":{"line":38,"column":4},"end":{"line":38,"column":27}},"19":{"start":{"line":40,"column":27},"end":{"line":40,"column":58}},"20":{"start":{"line":41,"column":4},"end":{"line":45,"column":5}},"21":{"start":{"line":42,"column":6},"end":{"line":42,"column":30}},"22":{"start":{"line":43,"column":11},"end":{"line":45,"column":5}},"23":{"start":{"line":44,"column":6},"end":{"line":44,"column":28}},"24":{"start":{"line":48,"column":26},"end":{"line":48,"column":64}},"25":{"start":{"line":49,"column":24},"end":{"line":49,"column":60}},"26":{"start":{"line":51,"column":2},"end":{"line":55,"column":5}}},"fnMap":{"0":{"name":"roundToTwo","decl":{"start":{"line":14,"column":9},"end":{"line":14,"column":19}},"loc":{"start":{"line":14,"column":33},"end":{"line":16,"column":1}}},"1":{"name":"(anonymous_1)","decl":{"start":{"line":18,"column":43},"end":{"line":18,"column":48}},"loc":{"start":{"line":18,"column":63},"end":{"line":56,"column":1}}}},"branchMap":{"0":{"loc":{"start":{"line":26,"column":2},"end":{"line":29,"column":3}},"type":"if","locations":[{"start":{"line":26,"column":2},"end":{"line":29,"column":3}},{"start":{},"end":{}}]},"1":{"loc":{"start":{"line":31,"column":18},"end":{"line":31,"column":28}},"type":"binary-expr","locations":[{"start":{"line":31,"column":18},"end":{"line":31,"column":22}},{"start":{"line":31,"column":26},"end":{"line":31,"column":28}}]},"2":{"loc":{"start":{"line":41,"column":4},"end":{"line":45,"column":5}},"type":"if","locations":[{"start":{"line":41,"column":4},"end":{"line":45,"column":5}},{"start":{"line":43,"column":11},"end":{"line":45,"column":5}}]},"3":{"loc":{"start":{"line":41,"column":8},"end":{"line":41,"column":63}},"type":"binary-expr","locations":[{"start":{"line":41,"column":8},"end":{"line":41,"column":33}},{"start":{"line":41,"column":37},"end":{"line":41,"column":63}}]},"4":{"loc":{"start":{"line":43,"column":11},"end":{"line":45,"column":5}},"type":"if","locations":[{"start":{"line":43,"column":11},"end":{"line":45,"column":5}},{"start":{},"end":{}}]},"5":{"loc":{"start":{"line":43,"column":15},"end":{"line":43,"column":68}},"type":"binary-expr","locations":[{"start":{"line":43,"column":15},"end":{"line":43,"column":39}},{"start":{"line":43,"column":43},"end":{"line":43,"column":68}}]},"6":{"loc":{"start":{"line":48,"column":26},"end":{"line":48,"column":64}},"type":"cond-expr","locations":[{"start":{"line":48,"column":38},"end":{"line":48,"column":60}},{"start":{"line":48,"column":63},"end":{"line":48,"column":64}}]},"7":{"loc":{"start":{"line":49,"column":24},"end":{"line":49,"column":60}},"type":"cond-expr","locations":[{"start":{"line":49,"column":36},"end":{"line":49,"column":56}},{"start":{"line":49,"column":59},"end":{"line":49,"column":60}}]}},"s":{"0":3,"1":3,"2":3,"3":3,"4":3,"5":0,"6":3,"7":0,"8":0,"9":0,"10":0,"11":0,"12":0,"13":0,"14":0,"15":0,"16":0,"17":0,"18":0,"19":0,"20":0,"21":0,"22":0,"23":0,"24":0,"25":0,"26":0},"f":{"0":0,"1":0},"b":{"0":[0,0],"1":[0,0],"2":[0,0],"3":[0,0],"4":[0,0],"5":[0,0],"6":[0,0],"7":[0,0]}}
,"C:\\Users\\User\\Desktop\\backend-RadarFII\\src\\routes\\portfolio.ts": {"path":"C:\\Users\\User\\Desktop\\backend-RadarFII\\src\\routes\\portfolio.ts","statementMap":{"0":{"start":{"line":1,"column":0},"end":{"line":1,"column":33}},"1":{"start":{"line":2,"column":0},"end":{"line":2,"column":24}},"2":{"start":{"line":4,"column":0},"end":{"line":4,"column":43}},"3":{"start":{"line":5,"column":0},"end":{"line":5,"column":53}},"4":{"start":{"line":7,"column":24},"end":{"line":7,"column":32}},"5":{"start":{"line":54,"column":9},"end":{"line":54,"column":24}},"6":{"start":{"line":9,"column":26},"end":{"line":15,"column":2}},"7":{"start":{"line":17,"column":0},"end":{"line":52,"column":3}},"8":{"start":{"line":18,"column":21},"end":{"line":18,"column":58}},"9":{"start":{"line":19,"column":2},"end":{"line":25,"column":3}},"10":{"start":{"line":20,"column":4},"end":{"line":23,"column":7}},"11":{"start":{"line":24,"column":4},"end":{"line":24,"column":11}},"12":{"start":{"line":27,"column":15},"end":{"line":27,"column":48}},"13":{"start":{"line":28,"column":18},"end":{"line":28,"column":33}},"14":{"start":{"line":30,"column":26},"end":{"line":41,"column":13}},"15":{"start":{"line":43,"column":2},"end":{"line":46,"column":3}},"16":{"start":{"line":44,"column":4},"end":{"line":44,"column":75}},"17":{"start":{"line":45,"column":4},"end":{"line":45,"column":11}},"18":{"start":{"line":48,"column":2},"end":{"line":51,"column":5}}},"fnMap":{"0":{"name":"(anonymous_0)","decl":{"start":{"line":17,"column":48},"end":{"line":17,"column":53}},"loc":{"start":{"line":17,"column":67},"end":{"line":52,"column":1}}}},"branchMap":{"0":{"loc":{"start":{"line":19,"column":2},"end":{"line":25,"column":3}},"type":"if","locations":[{"start":{"line":19,"column":2},"end":{"line":25,"column":3}},{"start":{},"end":{}}]},"1":{"loc":{"start":{"line":43,"column":2},"end":{"line":46,"column":3}},"type":"if","locations":[{"start":{"line":43,"column":2},"end":{"line":46,"column":3}},{"start":{},"end":{}}]}},"s":{"0":3,"1":3,"2":3,"3":3,"4":3,"5":3,"6":3,"7":3,"8":1,"9":1,"10":0,"11":0,"12":1,"13":1,"14":1,"15":1,"16":0,"17":0,"18":1},"f":{"0":1},"b":{"0":[0,1],"1":[0,1]}}
,"C:\\Users\\User\\Desktop\\backend-RadarFII\\src\\routes\\users.ts": {"path":"C:\\Users\\User\\Desktop\\backend-RadarFII\\src\\routes\\users.ts","statementMap":{"0":{"start":{"line":1,"column":0},"end":{"line":1,"column":33}},"1":{"start":{"line":2,"column":0},"end":{"line":2,"column":24}},"2":{"start":{"line":4,"column":0},"end":{"line":4,"column":43}},"3":{"start":{"line":5,"column":0},"end":{"line":5,"column":53}},"4":{"start":{"line":7,"column":20},"end":{"line":7,"column":28}},"5":{"start":{"line":91,"column":9},"end":{"line":91,"column":20}},"6":{"start":{"line":9,"column":26},"end":{"line":13,"column":2}},"7":{"start":{"line":15,"column":0},"end":{"line":47,"column":3}},"8":{"start":{"line":16,"column":15},"end":{"line":16,"column":48}},"9":{"start":{"line":18,"column":26},"end":{"line":22,"column":18}},"10":{"start":{"line":24,"column":2},"end":{"line":27,"column":3}},"11":{"start":{"line":25,"column":4},"end":{"line":25,"column":74}},"12":{"start":{"line":26,"column":4},"end":{"line":26,"column":11}},"13":{"start":{"line":29,"column":2},"end":{"line":38,"column":3}},"14":{"start":{"line":30,"column":4},"end":{"line":36,"column":7}},"15":{"start":{"line":37,"column":4},"end":{"line":37,"column":11}},"16":{"start":{"line":40,"column":2},"end":{"line":46,"column":5}},"17":{"start":{"line":49,"column":0},"end":{"line":89,"column":3}},"18":{"start":{"line":50,"column":21},"end":{"line":50,"column":58}},"19":{"start":{"line":51,"column":2},"end":{"line":57,"column":3}},"20":{"start":{"line":52,"column":4},"end":{"line":55,"column":7}},"21":{"start":{"line":56,"column":4},"end":{"line":56,"column":11}},"22":{"start":{"line":59,"column":15},"end":{"line":59,"column":48}},"23":{"start":{"line":60,"column":18},"end":{"line":60,"column":33}},"24":{"start":{"line":62,"column":26},"end":{"line":74,"column":13}},"25":{"start":{"line":76,"column":2},"end":{"line":79,"column":3}},"26":{"start":{"line":77,"column":4},"end":{"line":77,"column":74}},"27":{"start":{"line":78,"column":4},"end":{"line":78,"column":11}},"28":{"start":{"line":81,"column":2},"end":{"line":88,"column":5}}},"fnMap":{"0":{"name":"(anonymous_0)","decl":{"start":{"line":15,"column":48},"end":{"line":15,"column":53}},"loc":{"start":{"line":15,"column":68},"end":{"line":47,"column":1}}},"1":{"name":"(anonymous_1)","decl":{"start":{"line":49,"column":48},"end":{"line":49,"column":53}},"loc":{"start":{"line":49,"column":67},"end":{"line":89,"column":1}}}},"branchMap":{"0":{"loc":{"start":{"line":24,"column":2},"end":{"line":27,"column":3}},"type":"if","locations":[{"start":{"line":24,"column":2},"end":{"line":27,"column":3}},{"start":{},"end":{}}]},"1":{"loc":{"start":{"line":29,"column":2},"end":{"line":38,"column":3}},"type":"if","locations":[{"start":{"line":29,"column":2},"end":{"line":38,"column":3}},{"start":{},"end":{}}]},"2":{"loc":{"start":{"line":51,"column":2},"end":{"line":57,"column":3}},"type":"if","locations":[{"start":{"line":51,"column":2},"end":{"line":57,"column":3}},{"start":{},"end":{}}]},"3":{"loc":{"start":{"line":67,"column":15},"end":{"line":67,"column":39}},"type":"binary-expr","locations":[{"start":{"line":67,"column":15},"end":{"line":67,"column":28}},{"start":{"line":67,"column":32},"end":{"line":67,"column":39}}]},"4":{"loc":{"start":{"line":68,"column":18},"end":{"line":68,"column":45}},"type":"binary-expr","locations":[{"start":{"line":68,"column":18},"end":{"line":68,"column":34}},{"start":{"line":68,"column":38},"end":{"line":68,"column":45}}]},"5":{"loc":{"start":{"line":69,"column":31},"end":{"line":69,"column":67}},"type":"binary-expr","locations":[{"start":{"line":69,"column":31},"end":{"line":69,"column":59}},{"start":{"line":69,"column":63},"end":{"line":69,"column":67}}]},"6":{"loc":{"start":{"line":76,"column":2},"end":{"line":79,"column":3}},"type":"if","locations":[{"start":{"line":76,"column":2},"end":{"line":79,"column":3}},{"start":{},"end":{}}]}},"s":{"0":3,"1":3,"2":3,"3":3,"4":3,"5":3,"6":3,"7":3,"8":0,"9":0,"10":0,"11":0,"12":0,"13":0,"14":0,"15":0,"16":0,"17":3,"18":0,"19":0,"20":0,"21":0,"22":0,"23":0,"24":0,"25":0,"26":0,"27":0,"28":0},"f":{"0":0,"1":0},"b":{"0":[0,0],"1":[0,0],"2":[0,0],"3":[0,0],"4":[0,0],"5":[0,0],"6":[0,0]}}
,"C:\\Users\\User\\Desktop\\backend-RadarFII\\src\\services\\assetAnalysisService.ts": {"path":"C:\\Users\\User\\Desktop\\backend-RadarFII\\src\\services\\assetAnalysisService.ts","statementMap":{"0":{"start":{"line":47,"column":9},"end":{"line":47,"column":21}},"1":{"start":{"line":12,"column":30},"end":{"line":12,"column":32}},"2":{"start":{"line":13,"column":30},"end":{"line":13,"column":32}},"3":{"start":{"line":15,"column":2},"end":{"line":18,"column":3}},"4":{"start":{"line":16,"column":4},"end":{"line":16,"column":79}},"5":{"start":{"line":16,"column":22},"end":{"line":16,"column":79}},"6":{"start":{"line":17,"column":4},"end":{"line":17,"column":88}},"7":{"start":{"line":17,"column":21},"end":{"line":17,"column":88}},"8":{"start":{"line":20,"column":2},"end":{"line":23,"column":3}},"9":{"start":{"line":21,"column":4},"end":{"line":21,"column":83}},"10":{"start":{"line":21,"column":23},"end":{"line":21,"column":83}},"11":{"start":{"line":22,"column":4},"end":{"line":22,"column":71}},"12":{"start":{"line":22,"column":24},"end":{"line":22,"column":71}},"13":{"start":{"line":25,"column":2},"end":{"line":28,"column":3}},"14":{"start":{"line":26,"column":4},"end":{"line":26,"column":94}},"15":{"start":{"line":26,"column":32},"end":{"line":26,"column":94}},"16":{"start":{"line":27,"column":4},"end":{"line":27,"column":90}},"17":{"start":{"line":27,"column":31},"end":{"line":27,"column":90}},"18":{"start":{"line":30,"column":2},"end":{"line":33,"column":3}},"19":{"start":{"line":31,"column":4},"end":{"line":31,"column":97}},"20":{"start":{"line":31,"column":30},"end":{"line":31,"column":97}},"21":{"start":{"line":32,"column":4},"end":{"line":32,"column":91}},"22":{"start":{"line":32,"column":29},"end":{"line":32,"column":91}},"23":{"start":{"line":35,"column":2},"end":{"line":35,"column":98}},"24":{"start":{"line":35,"column":30},"end":{"line":35,"column":98}},"25":{"start":{"line":36,"column":2},"end":{"line":36,"column":98}},"26":{"start":{"line":36,"column":30},"end":{"line":36,"column":98}},"27":{"start":{"line":38,"column":2},"end":{"line":44,"column":4}}},"fnMap":{"0":{"name":"analyzeAsset","decl":{"start":{"line":11,"column":9},"end":{"line":11,"column":21}},"loc":{"start":{"line":11,"column":45},"end":{"line":45,"column":1}}}},"branchMap":{"0":{"loc":{"start":{"line":15,"column":2},"end":{"line":18,"column":3}},"type":"if","locations":[{"start":{"line":15,"column":2},"end":{"line":18,"column":3}},{"start":{},"end":{}}]},"1":{"loc":{"start":{"line":16,"column":4},"end":{"line":16,"column":79}},"type":"if","locations":[{"start":{"line":16,"column":4},"end":{"line":16,"column":79}},{"start":{},"end":{}}]},"2":{"loc":{"start":{"line":17,"column":4},"end":{"line":17,"column":88}},"type":"if","locations":[{"start":{"line":17,"column":4},"end":{"line":17,"column":88}},{"start":{},"end":{}}]},"3":{"loc":{"start":{"line":20,"column":2},"end":{"line":23,"column":3}},"type":"if","locations":[{"start":{"line":20,"column":2},"end":{"line":23,"column":3}},{"start":{},"end":{}}]},"4":{"loc":{"start":{"line":21,"column":4},"end":{"line":21,"column":83}},"type":"if","locations":[{"start":{"line":21,"column":4},"end":{"line":21,"column":83}},{"start":{},"end":{}}]},"5":{"loc":{"start":{"line":22,"column":4},"end":{"line":22,"column":71}},"type":"if","locations":[{"start":{"line":22,"column":4},"end":{"line":22,"column":71}},{"start":{},"end":{}}]},"6":{"loc":{"start":{"line":25,"column":2},"end":{"line":28,"column":3}},"type":"if","locations":[{"start":{"line":25,"column":2},"end":{"line":28,"column":3}},{"start":{},"end":{}}]},"7":{"loc":{"start":{"line":26,"column":4},"end":{"line":26,"column":94}},"type":"if","locations":[{"start":{"line":26,"column":4},"end":{"line":26,"column":94}},{"start":{},"end":{}}]},"8":{"loc":{"start":{"line":27,"column":4},"end":{"line":27,"column":90}},"type":"if","locations":[{"start":{"line":27,"column":4},"end":{"line":27,"column":90}},{"start":{},"end":{}}]},"9":{"loc":{"start":{"line":30,"column":2},"end":{"line":33,"column":3}},"type":"if","locations":[{"start":{"line":30,"column":2},"end":{"line":33,"column":3}},{"start":{},"end":{}}]},"10":{"loc":{"start":{"line":31,"column":4},"end":{"line":31,"column":97}},"type":"if","locations":[{"start":{"line":31,"column":4},"end":{"line":31,"column":97}},{"start":{},"end":{}}]},"11":{"loc":{"start":{"line":32,"column":4},"end":{"line":32,"column":91}},"type":"if","locations":[{"start":{"line":32,"column":4},"end":{"line":32,"column":91}},{"start":{},"end":{}}]},"12":{"loc":{"start":{"line":35,"column":2},"end":{"line":35,"column":98}},"type":"if","locations":[{"start":{"line":35,"column":2},"end":{"line":35,"column":98}},{"start":{},"end":{}}]},"13":{"loc":{"start":{"line":36,"column":2},"end":{"line":36,"column":98}},"type":"if","locations":[{"start":{"line":36,"column":2},"end":{"line":36,"column":98}},{"start":{},"end":{}}]},"14":{"loc":{"start":{"line":41,"column":18},"end":{"line":41,"column":68}},"type":"cond-expr","locations":[{"start":{"line":41,"column":51},"end":{"line":41,"column":61}},{"start":{"line":41,"column":64},"end":{"line":41,"column":68}}]}},"s":{"0":3,"1":1,"2":1,"3":1,"4":1,"5":1,"6":1,"7":0,"8":1,"9":1,"10":1,"11":1,"12":0,"13":1,"14":1,"15":1,"16":1,"17":0,"18":1,"19":1,"20":1,"21":1,"22":0,"23":1,"24":0,"25":1,"26":1,"27":1},"f":{"0":1},"b":{"0":[1,0],"1":[1,0],"2":[0,1],"3":[1,0],"4":[1,0],"5":[0,1],"6":[1,0],"7":[1,0],"8":[0,1],"9":[1,0],"10":[1,0],"11":[0,1],"12":[0,1],"13":[1,0],"14":[1,0]}}
}
