TN:
SF:src\app.ts
FNF:0
FNH:0
DA:1,3
DA:2,3
DA:3,3
DA:4,3
DA:6,3
DA:7,3
DA:8,3
DA:9,3
DA:10,3
DA:11,3
DA:13,3
DA:15,3
DA:16,3
DA:17,3
DA:18,3
DA:20,3
DA:21,3
DA:22,3
DA:23,3
DA:24,3
DA:25,3
DA:27,3
LF:22
LH:22
BRF:0
BRH:0
end_of_record
TN:
SF:src\adapters\marketDataAdapter.ts
FN:15,fetchAssetData
FNF:1
FNH:0
FNDA:0,fetchAssetData
DA:1,2
DA:3,2
DA:16,0
DA:17,0
DA:20,0
DA:25,0
DA:28,2
LF:7
LH:3
BRDA:16,0,0,0
BRDA:16,0,1,0
BRDA:21,1,0,0
BRDA:21,1,1,0
BRF:4
BRH:0
end_of_record
TN:
SF:src\adapters\newsAdapter.ts
FN:16,fetchNewsByTicker
FNF:1
FNH:0
FNDA:0,fetchNewsByTicker
DA:1,3
DA:3,3
DA:17,0
DA:18,0
DA:21,0
DA:27,0
DA:30,3
LF:7
LH:3
BRDA:17,0,0,0
BRDA:17,0,1,0
BRDA:23,1,0,0
BRDA:23,1,1,0
BRDA:27,2,0,0
BRDA:27,2,1,0
BRF:6
BRH:0
end_of_record
TN:
SF:src\config\env.ts
FNF:0
FNH:0
DA:1,3
DA:3,3
DA:5,3
DA:14,3
LF:4
LH:4
BRDA:6,0,0,3
BRDA:6,0,1,0
BRDA:7,1,0,3
BRDA:7,1,1,3
BRDA:8,2,0,3
BRDA:8,2,1,3
BRDA:9,3,0,3
BRDA:9,3,1,3
BRDA:10,4,0,3
BRDA:10,4,1,3
BRDA:11,5,0,3
BRDA:11,5,1,3
BRF:12
BRH:11
end_of_record
TN:
SF:src\lib\supabase.ts
FN:3,getRequiredEnv
FNF:1
FNH:1
FNDA:2,getRequiredEnv
DA:1,1
DA:4,2
DA:5,2
DA:6,0
DA:8,2
DA:11,1
DA:12,1
DA:14,1
DA:16,1
LF:9
LH:8
BRDA:5,0,0,0
BRDA:5,0,1,2
BRF:2
BRH:1
end_of_record
TN:
SF:src\middlewares\auth.ts
FN:5,extractBearerToken
FN:18,authMiddleware
FNF:2
FNH:2
FNDA:1,extractBearerToken
FNDA:1,authMiddleware
DA:3,3
DA:6,1
DA:7,0
DA:10,1
DA:11,1
DA:12,0
DA:15,1
DA:19,1
DA:21,1
DA:22,0
DA:23,0
DA:26,1
DA:28,1
DA:29,0
DA:30,0
DA:33,1
DA:34,1
DA:35,1
DA:38,3
LF:19
LH:13
BRDA:6,0,0,0
BRDA:6,0,1,1
BRDA:11,1,0,0
BRDA:11,1,1,1
BRDA:11,2,0,1
BRDA:11,2,1,1
BRDA:21,3,0,0
BRDA:21,3,1,1
BRDA:28,4,0,0
BRDA:28,4,1,1
BRDA:28,5,0,1
BRDA:28,5,1,1
BRF:12
BRH:8
end_of_record
TN:
SF:src\routes\assets.ts
FN:15,(anonymous_1)
FN:49,(anonymous_2)
FN:63,(anonymous_3)
FNF:3
FNH:1
FNDA:2,(anonymous_1)
FNDA:0,(anonymous_2)
FNDA:0,(anonymous_3)
DA:1,3
DA:2,3
DA:3,3
DA:5,3
DA:6,3
DA:7,3
DA:9,3
DA:11,3
DA:15,3
DA:16,2
DA:17,2
DA:18,1
DA:22,1
DA:25,1
DA:27,1
DA:28,1
DA:29,1
DA:31,1
DA:35,0
DA:36,0
DA:37,0
DA:40,0
DA:41,0
DA:42,0
DA:45,0
DA:49,3
DA:50,0
DA:51,0
DA:52,0
DA:56,0
DA:59,0
DA:61,0
DA:62,0
DA:63,0
DA:70,0
DA:72,0
DA:73,0
DA:74,0
DA:77,0
DA:78,0
DA:79,0
DA:82,0
DA:86,3
LF:43
LH:20
BRDA:17,0,0,1
BRDA:17,0,1,1
BRDA:35,1,0,0
BRDA:35,1,1,0
BRDA:35,2,0,0
BRDA:35,2,1,0
BRDA:40,3,0,0
BRDA:40,3,1,0
BRDA:40,4,0,0
BRDA:40,4,1,0
BRDA:51,5,0,0
BRDA:51,5,1,0
BRDA:65,6,0,0
BRDA:65,6,1,0
BRDA:66,7,0,0
BRDA:66,7,1,0
BRDA:72,8,0,0
BRDA:72,8,1,0
BRDA:72,9,0,0
BRDA:72,9,1,0
BRDA:77,10,0,0
BRDA:77,10,1,0
BRDA:77,11,0,0
BRDA:77,11,1,0
BRF:24
BRH:2
end_of_record
TN:
SF:src\routes\auth.ts
FN:19,(anonymous_0)
FN:47,(anonymous_1)
FN:76,(anonymous_2)
FN:82,(anonymous_3)
FNF:4
FNH:1
FNDA:0,(anonymous_0)
FNDA:2,(anonymous_1)
FNDA:0,(anonymous_2)
FNDA:0,(anonymous_3)
DA:1,3
DA:2,3
DA:4,3
DA:5,3
DA:7,3
DA:9,3
DA:14,3
DA:19,3
DA:20,0
DA:21,0
DA:22,0
DA:26,0
DA:29,0
DA:30,0
DA:35,0
DA:36,0
DA:37,0
DA:40,0
DA:47,3
DA:48,2
DA:49,2
DA:50,1
DA:54,1
DA:57,1
DA:58,1
DA:63,1
DA:64,0
DA:65,0
DA:68,1
DA:76,3
DA:79,0
DA:82,3
DA:83,0
DA:88,3
LF:34
LH:20
BRDA:21,0,0,0
BRDA:21,0,1,0
BRDA:35,1,0,0
BRDA:35,1,1,0
BRDA:49,2,0,1
BRDA:49,2,1,1
BRDA:63,3,0,0
BRDA:63,3,1,1
BRDA:63,4,0,1
BRDA:63,4,1,1
BRDA:64,5,0,0
BRDA:64,5,1,0
BRF:12
BRH:5
end_of_record
TN:
SF:src\routes\health.ts
FN:5,(anonymous_0)
FNF:1
FNH:0
FNDA:0,(anonymous_0)
DA:1,3
DA:3,3
DA:5,3
DA:6,0
DA:13,3
LF:5
LH:4
BRF:0
BRH:0
end_of_record
TN:
SF:src\routes\home.ts
FN:14,roundToTwo
FN:18,(anonymous_1)
FNF:2
FNH:0
FNDA:0,roundToTwo
FNDA:0,(anonymous_1)
DA:1,3
DA:3,3
DA:4,3
DA:12,3
DA:15,0
DA:18,3
DA:19,0
DA:21,0
DA:26,0
DA:27,0
DA:28,0
DA:31,0
DA:32,0
DA:33,0
DA:34,0
DA:36,0
DA:37,0
DA:38,0
DA:40,0
DA:41,0
DA:42,0
DA:43,0
DA:44,0
DA:48,0
DA:49,0
DA:51,0
DA:58,3
LF:27
LH:6
BRDA:26,0,0,0
BRDA:26,0,1,0
BRDA:31,1,0,0
BRDA:31,1,1,0
BRDA:41,2,0,0
BRDA:41,2,1,0
BRDA:41,3,0,0
BRDA:41,3,1,0
BRDA:43,4,0,0
BRDA:43,4,1,0
BRDA:43,5,0,0
BRDA:43,5,1,0
BRDA:48,6,0,0
BRDA:48,6,1,0
BRDA:49,7,0,0
BRDA:49,7,1,0
BRF:16
BRH:0
end_of_record
TN:
SF:src\routes\portfolio.ts
FN:17,(anonymous_0)
FNF:1
FNH:1
FNDA:1,(anonymous_0)
DA:1,3
DA:2,3
DA:4,3
DA:5,3
DA:7,3
DA:9,3
DA:17,3
DA:18,1
DA:19,1
DA:20,0
DA:24,0
DA:27,1
DA:28,1
DA:30,1
DA:43,1
DA:44,0
DA:45,0
DA:48,1
DA:54,3
LF:19
LH:15
BRDA:19,0,0,0
BRDA:19,0,1,1
BRDA:43,1,0,0
BRDA:43,1,1,1
BRF:4
BRH:2
end_of_record
TN:
SF:src\routes\users.ts
FN:15,(anonymous_0)
FN:49,(anonymous_1)
FNF:2
FNH:0
FNDA:0,(anonymous_0)
FNDA:0,(anonymous_1)
DA:1,3
DA:2,3
DA:4,3
DA:5,3
DA:7,3
DA:9,3
DA:15,3
DA:16,0
DA:18,0
DA:24,0
DA:25,0
DA:26,0
DA:29,0
DA:30,0
DA:37,0
DA:40,0
DA:49,3
DA:50,0
DA:51,0
DA:52,0
DA:56,0
DA:59,0
DA:60,0
DA:62,0
DA:76,0
DA:77,0
DA:78,0
DA:81,0
DA:91,3
LF:29
LH:9
BRDA:24,0,0,0
BRDA:24,0,1,0
BRDA:29,1,0,0
BRDA:29,1,1,0
BRDA:51,2,0,0
BRDA:51,2,1,0
BRDA:67,3,0,0
BRDA:67,3,1,0
BRDA:68,4,0,0
BRDA:68,4,1,0
BRDA:69,5,0,0
BRDA:69,5,1,0
BRDA:76,6,0,0
BRDA:76,6,1,0
BRF:14
BRH:0
end_of_record
TN:
SF:src\services\assetAnalysisService.ts
FN:11,analyzeAsset
FNF:1
FNH:1
FNDA:1,analyzeAsset
DA:12,1
DA:13,1
DA:15,1
DA:16,1
DA:17,1
DA:20,1
DA:21,1
DA:22,1
DA:25,1
DA:26,1
DA:27,1
DA:30,1
DA:31,1
DA:32,1
DA:35,1
DA:36,1
DA:38,1
DA:47,3
LF:18
LH:18
BRDA:15,0,0,1
BRDA:15,0,1,0
BRDA:16,1,0,1
BRDA:16,1,1,0
BRDA:17,2,0,0
BRDA:17,2,1,1
BRDA:20,3,0,1
BRDA:20,3,1,0
BRDA:21,4,0,1
BRDA:21,4,1,0
BRDA:22,5,0,0
BRDA:22,5,1,1
BRDA:25,6,0,1
BRDA:25,6,1,0
BRDA:26,7,0,1
BRDA:26,7,1,0
BRDA:27,8,0,0
BRDA:27,8,1,1
BRDA:30,9,0,1
BRDA:30,9,1,0
BRDA:31,10,0,1
BRDA:31,10,1,0
BRDA:32,11,0,0
BRDA:32,11,1,1
BRDA:35,12,0,0
BRDA:35,12,1,1
BRDA:36,13,0,1
BRDA:36,13,1,0
BRDA:41,14,0,1
BRDA:41,14,1,0
BRF:30
BRH:15
end_of_record
